[2025-11-10 07:33:34Z INFO HostContext] No proxy settings were found based on environmental variables (http_proxy/https_proxy/HTTP_PROXY/HTTPS_PROXY)
[2025-11-10 07:33:34Z INFO HostContext] Well known directory 'Bin': 'D:\GitHub\MyLocalhostWebsite\actions-runner\actions-runner\bin'
[2025-11-10 07:33:34Z INFO HostContext] Well known directory 'Root': 'D:\GitHub\MyLocalhostWebsite\actions-runner\actions-runner'
[2025-11-10 07:33:34Z INFO HostContext] Well known config file 'Credentials': 'D:\GitHub\MyLocalhostWebsite\actions-runner\actions-runner\.credentials'
[2025-11-10 07:33:34Z INFO HostContext] Well known directory 'Bin': 'D:\GitHub\MyLocalhostWebsite\actions-runner\actions-runner\bin'
[2025-11-10 07:33:34Z INFO HostContext] Well known directory 'Root': 'D:\GitHub\MyLocalhostWebsite\actions-runner\actions-runner'
[2025-11-10 07:33:34Z INFO HostContext] Well known config file 'Runner': 'D:\GitHub\MyLocalhostWebsite\actions-runner\actions-runner\.runner'
[2025-11-10 07:33:34Z INFO Listener] Runner is built for Windows (X64) - win-x64.
[2025-11-10 07:33:34Z INFO Listener] RuntimeInformation: Microsoft Windows 10.0.26200.
[2025-11-10 07:33:34Z INFO Listener] Version: 2.329.0
[2025-11-10 07:33:34Z INFO Listener] Commit: c76c59996c8fa32e989164a5a695efb12608ae5a
[2025-11-10 07:33:34Z INFO Listener] Culture: en-IN
[2025-11-10 07:33:34Z INFO Listener] UI Culture: en-GB
[2025-11-10 07:33:34Z INFO HostContext] Well known directory 'Bin': 'D:\GitHub\MyLocalhostWebsite\actions-runner\actions-runner\bin'
[2025-11-10 07:33:34Z INFO HostContext] Well known directory 'Root': 'D:\GitHub\MyLocalhostWebsite\actions-runner\actions-runner'
[2025-11-10 07:33:34Z INFO Listener] Validating directory permissions for: 'D:\GitHub\MyLocalhostWebsite\actions-runner\actions-runner'
[2025-11-10 07:33:34Z INFO CommandLineParser] Parse
[2025-11-10 07:33:34Z INFO CommandLineParser] Parsing 5 args
[2025-11-10 07:33:34Z INFO CommandLineParser] parsing argument
[2025-11-10 07:33:34Z INFO CommandLineParser] HasArgs: False
[2025-11-10 07:33:34Z INFO CommandLineParser] Adding Command: configure
[2025-11-10 07:33:34Z INFO CommandLineParser] parsing argument
[2025-11-10 07:33:34Z INFO CommandLineParser] HasArgs: True
[2025-11-10 07:33:34Z INFO CommandLineParser] arg: url
[2025-11-10 07:33:34Z INFO CommandLineParser] parsing argument
[2025-11-10 07:33:34Z INFO CommandLineParser] HasArgs: True
[2025-11-10 07:33:34Z INFO CommandLineParser] Adding option 'url': 'https://github.com/vanditkanudia/Vandit-Deploy'
[2025-11-10 07:33:34Z INFO CommandLineParser] parsing argument
[2025-11-10 07:33:34Z INFO CommandLineParser] HasArgs: True
[2025-11-10 07:33:34Z INFO CommandLineParser] arg: token
[2025-11-10 07:33:34Z INFO CommandLineParser] parsing argument
[2025-11-10 07:33:34Z INFO CommandLineParser] HasArgs: True
[2025-11-10 07:33:34Z INFO CommandLineParser] Adding option 'token': '***'
[2025-11-10 07:33:34Z INFO Listener] Arguments parsed
[2025-11-10 07:33:34Z INFO Runner] ExecuteCommand
[2025-11-10 07:33:34Z INFO ConfigurationStore] currentAssemblyLocation: D:\GitHub\MyLocalhostWebsite\actions-runner\actions-runner\bin\Runner.Listener.dll
[2025-11-10 07:33:34Z INFO HostContext] Well known directory 'Bin': 'D:\GitHub\MyLocalhostWebsite\actions-runner\actions-runner\bin'
[2025-11-10 07:33:34Z INFO ConfigurationStore] binPath: D:\GitHub\MyLocalhostWebsite\actions-runner\actions-runner\bin
[2025-11-10 07:33:34Z INFO HostContext] Well known directory 'Bin': 'D:\GitHub\MyLocalhostWebsite\actions-runner\actions-runner\bin'
[2025-11-10 07:33:34Z INFO HostContext] Well known directory 'Root': 'D:\GitHub\MyLocalhostWebsite\actions-runner\actions-runner'
[2025-11-10 07:33:34Z INFO ConfigurationStore] RootFolder: D:\GitHub\MyLocalhostWebsite\actions-runner\actions-runner
[2025-11-10 07:33:34Z INFO HostContext] Well known directory 'Bin': 'D:\GitHub\MyLocalhostWebsite\actions-runner\actions-runner\bin'
[2025-11-10 07:33:34Z INFO HostContext] Well known directory 'Root': 'D:\GitHub\MyLocalhostWebsite\actions-runner\actions-runner'
[2025-11-10 07:33:34Z INFO HostContext] Well known config file 'Runner': 'D:\GitHub\MyLocalhostWebsite\actions-runner\actions-runner\.runner'
[2025-11-10 07:33:34Z INFO ConfigurationStore] ConfigFilePath: D:\GitHub\MyLocalhostWebsite\actions-runner\actions-runner\.runner
[2025-11-10 07:33:34Z INFO HostContext] Well known directory 'Bin': 'D:\GitHub\MyLocalhostWebsite\actions-runner\actions-runner\bin'
[2025-11-10 07:33:34Z INFO HostContext] Well known directory 'Root': 'D:\GitHub\MyLocalhostWebsite\actions-runner\actions-runner'
[2025-11-10 07:33:34Z INFO HostContext] Well known config file 'MigratedRunner': 'D:\GitHub\MyLocalhostWebsite\actions-runner\actions-runner\.runner_migrated'
[2025-11-10 07:33:34Z INFO ConfigurationStore] MigratedConfigFilePath: D:\GitHub\MyLocalhostWebsite\actions-runner\actions-runner\.runner_migrated
[2025-11-10 07:33:34Z INFO HostContext] Well known directory 'Bin': 'D:\GitHub\MyLocalhostWebsite\actions-runner\actions-runner\bin'
[2025-11-10 07:33:34Z INFO HostContext] Well known directory 'Root': 'D:\GitHub\MyLocalhostWebsite\actions-runner\actions-runner'
[2025-11-10 07:33:34Z INFO HostContext] Well known config file 'Credentials': 'D:\GitHub\MyLocalhostWebsite\actions-runner\actions-runner\.credentials'
[2025-11-10 07:33:34Z INFO ConfigurationStore] CredFilePath: D:\GitHub\MyLocalhostWebsite\actions-runner\actions-runner\.credentials
[2025-11-10 07:33:34Z INFO HostContext] Well known directory 'Bin': 'D:\GitHub\MyLocalhostWebsite\actions-runner\actions-runner\bin'
[2025-11-10 07:33:34Z INFO HostContext] Well known directory 'Root': 'D:\GitHub\MyLocalhostWebsite\actions-runner\actions-runner'
[2025-11-10 07:33:34Z INFO HostContext] Well known config file 'MigratedCredentials': 'D:\GitHub\MyLocalhostWebsite\actions-runner\actions-runner\.credentials_migrated'
[2025-11-10 07:33:34Z INFO ConfigurationStore] MigratedCredFilePath: D:\GitHub\MyLocalhostWebsite\actions-runner\actions-runner\.credentials_migrated
[2025-11-10 07:33:34Z INFO HostContext] Well known directory 'Bin': 'D:\GitHub\MyLocalhostWebsite\actions-runner\actions-runner\bin'
[2025-11-10 07:33:34Z INFO HostContext] Well known directory 'Root': 'D:\GitHub\MyLocalhostWebsite\actions-runner\actions-runner'
[2025-11-10 07:33:34Z INFO HostContext] Well known config file 'Service': 'D:\GitHub\MyLocalhostWebsite\actions-runner\actions-runner\.service'
[2025-11-10 07:33:34Z INFO ConfigurationStore] ServiceConfigFilePath: D:\GitHub\MyLocalhostWebsite\actions-runner\actions-runner\.service
[2025-11-10 07:33:34Z INFO CommandSettings] Flag 'help': 'False'
[2025-11-10 07:33:34Z INFO CommandSettings] Flag 'version': 'False'
[2025-11-10 07:33:34Z INFO CommandSettings] Flag 'commit': 'False'
[2025-11-10 07:33:34Z INFO CommandSettings] Flag 'check': 'False'
[2025-11-10 07:33:34Z INFO CommandSettings] Command 'configure': 'True'
[2025-11-10 07:33:34Z INFO Terminal] WRITE LINE: 
[2025-11-10 07:33:34Z INFO Terminal] WRITE LINE: --------------------------------------------------------------------------------
[2025-11-10 07:33:34Z INFO Terminal] WRITE LINE: |        ____ _ _   _   _       _          _        _   _                      |
[2025-11-10 07:33:34Z INFO Terminal] WRITE LINE: |       / ___(_) |_| | | |_   _| |__      / \   ___| |_(_) ___  _ __  ___      |
[2025-11-10 07:33:34Z INFO Terminal] WRITE LINE: |      | |  _| | __| |_| | | | | '_ \    / _ \ / __| __| |/ _ \| '_ \/ __|     |
[2025-11-10 07:33:34Z INFO Terminal] WRITE LINE: |      | |_| | | |_|  _  | |_| | |_) |  / ___ \ (__| |_| | (_) | | | \__ \     |
[2025-11-10 07:33:34Z INFO Terminal] WRITE LINE: |       \____|_|\__|_| |_|\__,_|_.__/  /_/   \_\___|\__|_|\___/|_| |_|___/     |
[2025-11-10 07:33:34Z INFO Terminal] WRITE LINE: |                                                                              |
[2025-11-10 07:33:34Z INFO Terminal] WRITE: |                       
[2025-11-10 07:33:34Z INFO Terminal] WRITE: Self-hosted runner registration
[2025-11-10 07:33:34Z INFO Terminal] WRITE LINE:                         |
[2025-11-10 07:33:34Z INFO Terminal] WRITE LINE: |                                                                              |
[2025-11-10 07:33:34Z INFO Terminal] WRITE LINE: --------------------------------------------------------------------------------
[2025-11-10 07:33:34Z INFO ConfigurationManager] ConfigureAsync
[2025-11-10 07:33:34Z INFO CommandSettings] Flag 'generateServiceConfig': 'False'
[2025-11-10 07:33:34Z INFO ConfigurationStore] IsConfigured()
[2025-11-10 07:33:34Z INFO ConfigurationStore] IsConfigured: False
[2025-11-10 07:33:34Z INFO ConfigurationManager] Is configured: False
[2025-11-10 07:33:34Z INFO CommandSettings] Arg 'url': 'https://github.com/vanditkanudia/Vandit-Deploy'
[2025-11-10 07:33:34Z INFO CommandSettings] Remove url from Arg dictionary.
[2025-11-10 07:33:34Z INFO CommandSettings] Arg 'token': '***'
[2025-11-10 07:33:34Z INFO CommandSettings] Remove token from Arg dictionary.
[2025-11-10 07:33:35Z INFO ConfigurationManager] Http response code: OK from 'POST https://api.github.com/actions/runner-registration' (DE98:D5CC7:D67836:11DBC18:691195A0)
[2025-11-10 07:33:35Z INFO ConfigurationManager] Using runner-admin flow: False
[2025-11-10 07:33:35Z INFO ConfigurationManager] cred retrieved via GitHub auth
[2025-11-10 07:33:35Z INFO RunnerServer] EstablishVssConnection
[2025-11-10 07:33:35Z INFO RunnerServer] Establish connection with 100 seconds timeout.
[2025-11-10 07:33:35Z INFO GitHubActionsService] Starting operation Location.GetConnectionData
[2025-11-10 07:33:35Z INFO RunnerServer] EstablishVssConnection
[2025-11-10 07:33:35Z INFO RunnerServer] Establish connection with 60 seconds timeout.
[2025-11-10 07:33:35Z INFO GitHubActionsService] Starting operation Location.GetConnectionData
[2025-11-10 07:33:35Z INFO RunnerServer] EstablishVssConnection
[2025-11-10 07:33:35Z INFO RunnerServer] Establish connection with 60 seconds timeout.
[2025-11-10 07:33:35Z INFO GitHubActionsService] Starting operation Location.GetConnectionData
[2025-11-10 07:33:36Z INFO GitHubActionsService] Finished operation Location.GetConnectionData
[2025-11-10 07:33:36Z INFO GitHubActionsService] Finished operation Location.GetConnectionData
[2025-11-10 07:33:36Z INFO GitHubActionsService] Finished operation Location.GetConnectionData
[2025-11-10 07:33:36Z INFO Terminal] WRITE LINE: 
[2025-11-10 07:33:36Z INFO ConfigurationManager] Test Connection complete.
[2025-11-10 07:33:36Z INFO HostContext] Well known directory 'Bin': 'D:\GitHub\MyLocalhostWebsite\actions-runner\actions-runner\bin'
[2025-11-10 07:33:36Z INFO HostContext] Well known directory 'Root': 'D:\GitHub\MyLocalhostWebsite\actions-runner\actions-runner'
[2025-11-10 07:33:36Z INFO HostContext] Well known config file 'RSACredentials': 'D:\GitHub\MyLocalhostWebsite\actions-runner\actions-runner\.credentials_rsaparams'
[2025-11-10 07:33:36Z INFO RSAEncryptedFileKeyManager] Creating new RSA key using 2048-bit key length
[2025-11-10 07:33:36Z INFO RSAEncryptedFileKeyManager] Successfully saved RSA key parameters to file D:\GitHub\MyLocalhostWebsite\actions-runner\actions-runner\.credentials_rsaparams
[2025-11-10 07:33:36Z INFO CommandSettings] Arg 'runnergroup': ''
[2025-11-10 07:33:36Z INFO CommandSettings] Flag 'unattended': 'False'
[2025-11-10 07:33:36Z INFO PromptManager] ReadValue
[2025-11-10 07:33:36Z INFO Terminal] WRITE: Enter the name of the runner group to add this runner to: 
[2025-11-10 07:33:36Z INFO Terminal] WRITE: [press Enter for Default] 
[2025-11-10 07:33:36Z INFO Terminal] READ LINE
[2025-11-10 07:33:38Z INFO Terminal] Read value: ''
[2025-11-10 07:33:38Z INFO PromptManager] Falling back to the default: 'Default'
[2025-11-10 07:33:38Z INFO Terminal] WRITE LINE: 
[2025-11-10 07:33:38Z INFO ConfigurationManager] Found a self-hosted runner group with id 1 and name Default
[2025-11-10 07:33:38Z INFO CommandSettings] Flag 'disableupdate': 'False'
[2025-11-10 07:33:38Z INFO CommandSettings] Flag 'ephemeral': 'False'
[2025-11-10 07:33:38Z INFO CommandSettings] Arg 'name': ''
[2025-11-10 07:33:38Z INFO CommandSettings] Flag 'unattended': 'False'
[2025-11-10 07:33:38Z INFO PromptManager] ReadValue
[2025-11-10 07:33:38Z INFO Terminal] WRITE: Enter the name of runner: 
[2025-11-10 07:33:38Z INFO Terminal] WRITE: [press Enter for DESKTOP-EO0SJO0] 
[2025-11-10 07:33:38Z INFO Terminal] READ LINE
[2025-11-10 07:33:43Z INFO Terminal] Read value: 'iss runner'
[2025-11-10 07:33:43Z INFO Terminal] WRITE LINE: 
[2025-11-10 07:33:43Z INFO CommandSettings] Arg 'labels': ''
[2025-11-10 07:33:43Z INFO CommandSettings] Flag 'unattended': 'False'
[2025-11-10 07:33:43Z INFO PromptManager] ReadValue
[2025-11-10 07:33:43Z INFO Terminal] WRITE: This runner will have the following labels: 'self-hosted', 'Windows', 'X64' 
Enter any additional labels (ex. label-1,label-2): 
[2025-11-10 07:33:43Z INFO Terminal] WRITE: [press Enter to skip] 
[2025-11-10 07:33:43Z INFO Terminal] READ LINE
[2025-11-10 07:33:44Z INFO Terminal] Read value: ''
[2025-11-10 07:33:44Z INFO Terminal] WRITE LINE: 
[2025-11-10 07:33:44Z INFO CommandSettings] Flag 'disableupdate': 'False'
[2025-11-10 07:33:44Z INFO CommandSettings] Flag 'no-default-labels': 'False'
[2025-11-10 07:33:45Z INFO CommandSettings] Flag 'disableupdate': 'False'
[2025-11-10 07:33:45Z INFO CommandSettings] Flag 'ephemeral': 'False'
[2025-11-10 07:33:45Z INFO ConfigurationStore] Saving OAuth credential @ D:\GitHub\MyLocalhostWebsite\actions-runner\actions-runner\.credentials
[2025-11-10 07:33:45Z INFO ConfigurationStore] Credentials Saved.
[2025-11-10 07:33:45Z INFO ConfigurationManager] Service enforced serverUrlV2: https://broker.actions.githubusercontent.com/
[2025-11-10 07:33:45Z INFO ConfigurationManager] Service enforced useV2Flow: True
[2025-11-10 07:33:45Z INFO CommandSettings] Arg 'work': ''
[2025-11-10 07:33:45Z INFO CommandSettings] Flag 'unattended': 'False'
[2025-11-10 07:33:45Z INFO PromptManager] ReadValue
[2025-11-10 07:33:45Z INFO Terminal] WRITE: Enter name of work folder: 
[2025-11-10 07:33:45Z INFO Terminal] WRITE: [press Enter for _work] 
[2025-11-10 07:33:45Z INFO Terminal] READ LINE
[2025-11-10 07:33:46Z INFO Terminal] Read value: ''
[2025-11-10 07:33:46Z INFO PromptManager] Falling back to the default: '_work'
[2025-11-10 07:33:46Z INFO ConfigurationStore] Saving runner settings.
[2025-11-10 07:33:46Z INFO ConfigurationStore] Settings Saved.
[2025-11-10 07:33:46Z INFO Terminal] WRITE LINE: 
[2025-11-10 07:33:46Z INFO Terminal] WRITE LINE: 
[2025-11-10 07:33:46Z INFO CommandSettings] Flag 'runasservice': 'False'
[2025-11-10 07:33:46Z INFO CommandSettings] Flag 'unattended': 'False'
[2025-11-10 07:33:46Z INFO PromptManager] ReadValue
[2025-11-10 07:33:46Z INFO Terminal] WRITE: Would you like to run the runner as service? (Y/N) 
[2025-11-10 07:33:46Z INFO Terminal] WRITE: [press Enter for N] 
[2025-11-10 07:33:46Z INFO Terminal] READ LINE
[2025-11-10 07:33:50Z INFO Terminal] Read value: 'N'
[2025-11-10 07:33:50Z INFO Listener] Runner execution has finished with return code 0
